SF:D:\dev\dart_extensions\lib\src\boolean_extension.dart
DA:5,0
DA:10,0
LF:2
LH:0
end_of_record
SF:D:\dev\dart_extensions\lib\src\datetime_extension.dart
DA:12,0
DA:14,1
DA:15,3
DA:17,3
DA:19,0
DA:21,0
DA:23,2
DA:25,3
DA:27,0
DA:29,0
DA:31,0
DA:33,0
DA:35,0
DA:37,0
DA:39,0
DA:40,0
DA:43,0
DA:44,0
DA:47,0
DA:48,0
DA:51,0
DA:52,0
DA:55,0
DA:56,0
DA:59,1
DA:60,2
DA:63,0
DA:64,0
DA:67,1
DA:68,3
DA:71,0
DA:72,0
DA:74,0
DA:76,0
DA:78,0
DA:85,0
DA:92,0
DA:98,0
DA:103,0
DA:113,0
DA:122,1
DA:123,5
DA:125,3
DA:133,3
DA:140,3
DA:146,0
DA:151,1
DA:152,1
DA:155,1
DA:156,3
DA:159,1
DA:160,4
DA:163,1
DA:164,3
DA:167,1
DA:168,4
DA:171,1
DA:172,3
DA:175,1
DA:176,3
DA:179,1
DA:180,3
DA:183,1
DA:184,4
DA:186,0
DA:188,1
DA:189,1
DA:190,3
DA:193,1
DA:194,1
DA:195,3
DA:196,0
DA:197,0
DA:200,0
DA:201,0
DA:202,0
DA:203,0
DA:204,0
DA:207,0
DA:208,0
DA:211,0
DA:214,0
DA:220,0
DA:221,0
DA:224,0
DA:233,1
DA:236,1
DA:237,1
DA:238,1
DA:239,1
DA:242,1
DA:243,1
DA:244,1
DA:247,1
DA:248,1
DA:249,1
DA:256,4
DA:258,4
DA:260,4
DA:262,4
DA:269,0
DA:271,0
DA:273,0
DA:275,0
DA:277,0
DA:279,0
DA:281,0
DA:284,0
DA:285,0
DA:291,0
DA:292,0
DA:299,1
DA:309,1
DA:310,1
DA:311,1
DA:312,1
DA:313,1
DA:314,1
DA:315,1
DA:316,1
DA:317,1
LF:121
LH:63
end_of_record
SF:D:\dev\dart_extensions\lib\src\double_extension.dart
DA:9,0
DA:13,0
DA:17,0
DA:18,0
DA:20,0
DA:21,0
DA:25,0
DA:28,0
LF:8
LH:0
end_of_record
SF:D:\dev\dart_extensions\lib\src\duration_extension.dart
DA:9,3
DA:10,4
DA:11,4
DA:12,3
DA:13,3
DA:14,3
DA:15,3
DA:16,3
DA:18,0
DA:25,1
DA:29,1
DA:31,2
DA:32,4
DA:34,2
DA:35,4
DA:37,1
DA:38,0
DA:42,2
DA:43,4
DA:45,1
DA:46,2
DA:50,2
DA:51,4
DA:53,1
DA:54,2
DA:58,1
DA:59,3
DA:62,4
DA:64,5
DA:66,1
DA:67,2
DA:70,1
DA:71,2
DA:75,1
DA:81,1
DA:82,1
DA:86,1
DA:87,2
DA:89,2
DA:90,5
DA:92,2
DA:93,5
DA:95,2
DA:96,5
DA:99,7
DA:100,1
DA:102,2
DA:103,5
DA:105,2
DA:106,5
DA:108,2
DA:109,0
DA:113,1
DA:116,0
DA:117,0
DA:122,0
DA:130,0
DA:131,0
DA:132,0
DA:133,0
DA:134,0
DA:135,0
DA:136,0
LF:63
LH:50
end_of_record
SF:D:\dev\dart_extensions\lib\src\enum_extension.dart
DA:9,1
DA:10,1
DA:11,2
DA:12,5
DA:20,5
DA:23,4
LF:6
LH:6
end_of_record
SF:D:\dev\dart_extensions\lib\src\file_extension.dart
DA:13,1
DA:14,2
DA:15,5
DA:16,1
DA:18,4
DA:22,1
DA:23,2
DA:27,1
DA:28,2
DA:31,2
DA:34,2
DA:37,2
DA:43,0
DA:45,0
DA:47,0
DA:49,0
DA:54,1
DA:58,1
DA:59,1
DA:63,1
DA:79,4
DA:80,3
DA:82,2
LF:23
LH:19
end_of_record
SF:D:\dev\dart_extensions\lib\src\future_extension.dart
DA:4,0
DA:9,0
DA:10,0
DA:12,0
DA:17,0
DA:23,0
DA:24,0
DA:26,0
DA:28,0
DA:34,0
DA:36,0
DA:37,0
DA:38,0
DA:41,0
DA:42,0
DA:43,0
DA:50,0
DA:53,0
LF:18
LH:0
end_of_record
SF:D:\dev\dart_extensions\lib\src\integer_extension.dart
DA:7,0
DA:8,0
DA:9,0
DA:11,0
DA:12,0
DA:14,0
DA:15,0
DA:17,0
DA:18,0
DA:20,0
LF:10
LH:0
end_of_record
SF:D:\dev\dart_extensions\lib\src\iterable_extension.dart
DA:9,0
DA:10,0
DA:12,0
DA:13,0
DA:14,0
DA:20,0
DA:21,0
DA:24,0
DA:25,0
DA:32,0
DA:33,0
DA:34,0
DA:38,0
DA:39,0
DA:46,0
DA:47,0
DA:48,0
DA:53,0
DA:54,0
DA:55,0
LF:20
LH:0
end_of_record
SF:D:\dev\dart_extensions\lib\src\list_extension.dart
DA:5,0
DA:8,0
DA:9,0
DA:10,0
DA:15,0
DA:22,0
DA:23,0
DA:24,0
DA:25,0
DA:26,0
DA:27,0
DA:35,0
DA:37,0
DA:38,0
DA:39,0
DA:40,0
DA:41,0
DA:42,0
LF:18
LH:0
end_of_record
SF:D:\dev\dart_extensions\lib\src\map_extension.dart
DA:7,0
DA:9,0
DA:10,0
DA:11,0
DA:13,0
DA:14,0
DA:15,0
LF:7
LH:0
end_of_record
SF:D:\dev\dart_extensions\lib\src\number_extension.dart
DA:4,0
DA:5,0
DA:8,0
DA:10,0
DA:12,0
DA:13,0
DA:14,0
DA:19,0
DA:20,0
DA:23,0
DA:24,0
DA:27,0
DA:28,0
DA:31,0
DA:32,0
DA:35,0
DA:36,0
DA:39,1
DA:40,2
DA:42,1
DA:44,0
DA:49,0
DA:50,0
DA:55,0
DA:56,0
DA:61,0
DA:63,0
DA:64,0
DA:66,0
DA:71,0
DA:73,0
DA:74,0
DA:76,0
DA:82,1
DA:83,3
DA:84,4
LF:36
LH:6
end_of_record
SF:D:\dev\dart_extensions\lib\src\object_extension.dart
DA:4,0
DA:5,0
DA:6,0
DA:8,0
DA:10,0
DA:12,0
DA:14,0
LF:7
LH:0
end_of_record
SF:D:\dev\dart_extensions\lib\src\platform_extension.dart
DA:14,0
DA:16,0
DA:17,0
DA:26,0
DA:27,0
DA:30,0
DA:33,0
DA:36,0
DA:39,0
DA:42,0
LF:10
LH:0
end_of_record
SF:D:\dev\dart_extensions\lib\src\set_extension.dart
DA:5,0
DA:8,0
DA:9,0
DA:10,0
LF:4
LH:0
end_of_record
SF:D:\dev\dart_extensions\lib\src\stream_extension.dart
DA:7,0
DA:8,0
DA:10,0
DA:12,0
LF:4
LH:0
end_of_record
SF:D:\dev\dart_extensions\lib\src\string_extension.dart
DA:8,0
DA:9,0
DA:10,0
DA:13,0
DA:14,0
DA:17,0
DA:18,0
DA:21,0
DA:22,0
DA:25,0
DA:26,0
DA:29,1
DA:30,2
DA:33,1
DA:34,3
DA:37,2
DA:39,2
DA:41,0
DA:43,4
DA:48,1
DA:49,1
DA:52,3
DA:53,2
DA:54,5
DA:56,3
DA:57,5
DA:59,2
DA:63,1
DA:64,1
DA:67,5
DA:73,0
DA:74,0
DA:77,0
DA:78,0
DA:81,6
DA:83,0
DA:85,0
DA:86,0
DA:93,1
DA:99,1
DA:100,1
DA:101,1
DA:102,1
DA:111,1
DA:112,1
DA:114,1
DA:115,1
DA:116,1
DA:117,1
DA:118,1
DA:120,1
DA:121,4
DA:128,1
DA:129,3
DA:133,2
DA:139,1
DA:140,1
DA:142,2
DA:154,2
DA:156,2
DA:162,3
DA:163,1
DA:164,1
DA:166,2
DA:169,2
DA:172,2
DA:173,1
DA:174,1
DA:179,1
DA:193,1
DA:197,1
DA:198,1
DA:200,1
DA:201,1
DA:207,3
DA:208,3
DA:216,3
DA:217,2
DA:218,2
DA:220,1
DA:223,1
DA:228,1
DA:231,1
DA:232,1
DA:238,2
DA:239,1
DA:240,1
DA:242,2
LF:88
LH:69
end_of_record
